2026-05-23 10:37:39,674 - INFO - [31m[1mWARNING: This is a development server. Do not use it in a production deployment. Use a production WSGI server instead.[0m
 * Running on http://127.0.0.1:5000
2026-05-23 10:37:39,674 - INFO - [33mPress CTRL+C to quit[0m
2026-05-23 10:37:39,688 - INFO -  * Restarting with watchdog (windowsapi)
2026-05-23 10:37:41,187 - WARNING -  * Debugger is active!
2026-05-23 10:37:41,189 - INFO -  * Debugger PIN: 871-429-079
2026-05-23 10:37:45,268 - INFO - Loading data
2026-05-23 10:37:45,273 - INFO - Cleaning
2026-05-23 10:37:45,291 - INFO - Rules
2026-05-23 10:37:45,328 - INFO - Anomalies (before repair)
2026-05-23 10:37:45,331 - INFO - Repairing
2026-05-23 10:37:45,333 - INFO - Final anomaly check
2026-05-23 10:37:45,346 - INFO - 127.0.0.1 - - [23/May/2026 10:37:45] "GET /run-pipeline HTTP/1.1" 200 -
2026-05-23 10:37:49,803 - INFO - Loading data
2026-05-23 10:37:49,806 - INFO - Cleaning
2026-05-23 10:37:49,815 - INFO - Rules
2026-05-23 10:37:49,836 - INFO - Anomalies (before repair)
2026-05-23 10:37:49,838 - INFO - Repairing
2026-05-23 10:37:49,839 - INFO - Final anomaly check
2026-05-23 10:37:49,850 - INFO - 127.0.0.1 - - [23/May/2026 10:37:49] "GET /run-pipeline HTTP/1.1" 200 -
2026-05-23 10:39:13,686 - INFO - Loading data
2026-05-23 10:39:13,688 - INFO - Cleaning
2026-05-23 10:39:13,693 - INFO - Rules
2026-05-23 10:39:13,716 - INFO - Anomalies (before repair)
2026-05-23 10:39:13,720 - INFO - Repairing
2026-05-23 10:39:13,722 - INFO - Final anomaly check
2026-05-23 10:39:13,737 - INFO - 127.0.0.1 - - [23/May/2026 10:39:13] "GET /run-pipeline HTTP/1.1" 200 -
2026-05-23 10:39:16,986 - INFO - Loading data
2026-05-23 10:39:16,989 - INFO - Cleaning
2026-05-23 10:39:16,998 - INFO - Rules
2026-05-23 10:39:17,028 - INFO - Anomalies (before repair)
2026-05-23 10:39:17,030 - INFO - Repairing
2026-05-23 10:39:17,033 - INFO - Final anomaly check
2026-05-23 10:39:17,044 - INFO - 127.0.0.1 - - [23/May/2026 10:39:17] "GET /run-pipeline HTTP/1.1" 200 -
2026-05-23 10:41:02,247 - INFO -  * Detected change in 'D:\\Projects\\AI Data Quality Pipeline\\dashboard\\app.py', reloading
2026-05-23 10:41:02,519 - INFO -  * Restarting with watchdog (windowsapi)
2026-05-23 10:41:04,889 - WARNING -  * Debugger is active!
2026-05-23 10:41:04,893 - INFO -  * Debugger PIN: 871-429-079
2026-05-23 10:41:07,676 - INFO - Loading data
2026-05-23 10:41:07,680 - INFO - Cleaning
2026-05-23 10:41:07,685 - INFO - Rules
2026-05-23 10:41:07,714 - INFO - Anomalies (before repair)
2026-05-23 10:41:07,715 - INFO - Repairing
2026-05-23 10:41:07,718 - INFO - Final anomaly check
2026-05-23 10:41:07,731 - INFO - 127.0.0.1 - - [23/May/2026 10:41:07] "GET /run-pipeline HTTP/1.1" 200 -
2026-05-23 10:41:10,596 - INFO - 127.0.0.1 - - [23/May/2026 10:41:10] "[33mGET /run HTTP/1.1[0m" 404 -
2026-05-23 10:41:28,675 - INFO - 127.0.0.1 - - [23/May/2026 10:41:28] "[33mGET /run HTTP/1.1[0m" 404 -
2026-05-23 10:42:03,516 - INFO -  * Detected change in 'D:\\Projects\\AI Data Quality Pipeline\\dashboard\\app.py', reloading
2026-05-23 10:42:03,699 - INFO -  * Restarting with watchdog (windowsapi)
2026-05-23 10:42:05,307 - WARNING -  * Debugger is active!
2026-05-23 10:42:05,309 - INFO -  * Debugger PIN: 871-429-079
2026-05-23 10:42:23,080 - INFO -  * Detected change in 'D:\\Projects\\AI Data Quality Pipeline\\dashboard\\app.py', reloading
2026-05-23 10:42:23,253 - INFO -  * Restarting with watchdog (windowsapi)
2026-05-23 10:42:24,901 - WARNING -  * Debugger is active!
2026-05-23 10:42:24,903 - INFO -  * Debugger PIN: 871-429-079
2026-05-23 10:42:30,904 - INFO -  * Detected change in 'D:\\Projects\\AI Data Quality Pipeline\\dashboard\\app.py', reloading
2026-05-23 10:42:31,100 - INFO -  * Restarting with watchdog (windowsapi)
2026-05-23 10:42:33,028 - WARNING -  * Debugger is active!
2026-05-23 10:42:33,032 - INFO -  * Debugger PIN: 871-429-079
2026-05-23 10:42:39,324 - INFO - Loading data
2026-05-23 10:42:39,329 - INFO - Cleaning
2026-05-23 10:42:39,337 - INFO - Rules
2026-05-23 10:42:39,356 - INFO - Anomalies (before repair)
2026-05-23 10:42:39,358 - INFO - Repairing
2026-05-23 10:42:39,359 - INFO - Final anomaly check
2026-05-23 10:42:39,369 - INFO - 127.0.0.1 - - [23/May/2026 10:42:39] "GET /run-pipeline HTTP/1.1" 200 -
2026-05-23 10:43:06,037 - INFO -  * Detected change in 'D:\\Projects\\AI Data Quality Pipeline\\dashboard\\app.py', reloading
2026-05-23 10:43:06,220 - INFO -  * Restarting with watchdog (windowsapi)
2026-05-23 10:43:07,841 - WARNING -  * Debugger is active!
2026-05-23 10:43:07,843 - INFO -  * Debugger PIN: 871-429-079
2026-05-23 10:43:14,691 - INFO - Loading data
2026-05-23 10:43:14,698 - INFO - Cleaning
2026-05-23 10:43:14,711 - INFO - Rules
2026-05-23 10:43:14,741 - INFO - Anomalies (before repair)
2026-05-23 10:43:14,742 - INFO - Repairing
2026-05-23 10:43:14,744 - INFO - Final anomaly check
2026-05-23 10:43:14,767 - INFO - 127.0.0.1 - - [23/May/2026 10:43:14] "GET /run-pipeline HTTP/1.1" 200 -
2026-05-23 10:54:57,815 - INFO -  * Detected change in 'D:\\Projects\\AI Data Quality Pipeline\\dashboard\\app.py', reloading
2026-05-23 10:54:58,268 - INFO -  * Restarting with watchdog (windowsapi)
2026-05-23 10:55:02,112 - WARNING -  * Debugger is active!
2026-05-23 10:55:02,120 - INFO -  * Debugger PIN: 871-429-079
2026-05-23 10:55:02,168 - INFO - Loading data
2026-05-23 10:55:02,178 - INFO - Cleaning
2026-05-23 10:55:02,194 - INFO - Rules
2026-05-23 10:55:02,233 - INFO - Anomalies (before repair)
2026-05-23 10:55:02,238 - INFO - Repairing
2026-05-23 10:55:02,242 - INFO - Final anomaly check
2026-05-23 10:55:02,269 - INFO - 127.0.0.1 - - [23/May/2026 10:55:02] "GET /run-pipeline HTTP/1.1" 200 -
2026-05-23 10:55:13,831 - INFO -  * Detected change in 'D:\\Projects\\AI Data Quality Pipeline\\dashboard\\app.py', reloading
2026-05-23 10:55:14,118 - INFO -  * Restarting with watchdog (windowsapi)
2026-05-23 10:55:16,452 - WARNING -  * Debugger is active!
2026-05-23 10:55:16,454 - INFO -  * Debugger PIN: 871-429-079
2026-05-23 10:55:18,017 - INFO - Loading data
2026-05-23 10:55:18,027 - INFO - Cleaning
2026-05-23 10:55:18,048 - INFO - Rules
2026-05-23 10:55:18,102 - INFO - Anomalies (before repair)
2026-05-23 10:55:18,106 - INFO - Repairing
2026-05-23 10:55:18,109 - INFO - Final anomaly check
2026-05-23 10:55:18,135 - INFO - 127.0.0.1 - - [23/May/2026 10:55:18] "GET /run-pipeline HTTP/1.1" 200 -
2026-05-23 10:56:03,129 - INFO -  * Detected change in 'D:\\Projects\\AI Data Quality Pipeline\\dashboard\\app.py', reloading
2026-05-23 10:56:03,343 - INFO -  * Restarting with watchdog (windowsapi)
2026-05-23 10:56:05,358 - WARNING -  * Debugger is active!
2026-05-23 10:56:05,361 - INFO -  * Debugger PIN: 871-429-079
2026-05-23 10:56:08,246 - INFO -  * Detected change in 'D:\\Projects\\AI Data Quality Pipeline\\dashboard\\app.py', reloading
2026-05-23 10:56:08,513 - INFO -  * Restarting with watchdog (windowsapi)
2026-05-23 10:56:11,047 - WARNING -  * Debugger is active!
2026-05-23 10:56:11,049 - INFO -  * Debugger PIN: 871-429-079
2026-05-23 10:56:12,349 - INFO -  * Detected change in 'D:\\Projects\\AI Data Quality Pipeline\\dashboard\\app.py', reloading
2026-05-23 10:56:12,566 - INFO -  * Restarting with watchdog (windowsapi)
2026-05-23 10:56:14,803 - WARNING -  * Debugger is active!
2026-05-23 10:56:14,805 - INFO -  * Debugger PIN: 871-429-079
2026-05-23 10:56:21,700 - INFO - Loading data
2026-05-23 10:56:21,711 - INFO - Cleaning
2026-05-23 10:56:21,734 - INFO - Rules
2026-05-23 10:56:21,789 - INFO - Anomalies (before repair)
2026-05-23 10:56:21,795 - INFO - Repairing
2026-05-23 10:56:21,800 - INFO - Final anomaly check
2026-05-23 10:56:21,825 - INFO - 127.0.0.1 - - [23/May/2026 10:56:21] "GET /run-pipeline HTTP/1.1" 200 -
2026-05-23 10:58:59,766 - INFO - Loading data
2026-05-23 10:58:59,772 - INFO - Cleaning
2026-05-23 10:58:59,782 - INFO - Rules
2026-05-23 10:58:59,828 - INFO - Anomalies (before repair)
2026-05-23 10:58:59,831 - INFO - Repairing
2026-05-23 10:58:59,836 - INFO - Final anomaly check
2026-05-23 10:58:59,859 - INFO - 127.0.0.1 - - [23/May/2026 10:58:59] "GET /run-pipeline HTTP/1.1" 200 -
2026-05-23 10:59:04,165 - INFO - Loading data
2026-05-23 10:59:04,171 - INFO - Cleaning
2026-05-23 10:59:04,185 - INFO - Rules
2026-05-23 10:59:04,225 - INFO - Anomalies (before repair)
2026-05-23 10:59:04,229 - INFO - Repairing
2026-05-23 10:59:04,232 - INFO - Final anomaly check
2026-05-23 10:59:04,251 - INFO - 127.0.0.1 - - [23/May/2026 10:59:04] "GET /run-pipeline HTTP/1.1" 200 -
2026-05-23 11:01:41,048 - INFO - Loading data
2026-05-23 11:01:41,055 - INFO - Cleaning
2026-05-23 11:01:41,072 - INFO - Rules
2026-05-23 11:01:41,118 - INFO - Anomalies (before repair)
2026-05-23 11:01:41,124 - INFO - Repairing
2026-05-23 11:01:41,131 - INFO - Final anomaly check
2026-05-23 11:01:41,155 - INFO - 127.0.0.1 - - [23/May/2026 11:01:41] "GET /run-pipeline HTTP/1.1" 200 -
2026-05-23 11:05:19,306 - INFO - Loading data
2026-05-23 11:05:19,318 - INFO - Cleaning
2026-05-23 11:05:19,333 - INFO - Rules
2026-05-23 11:05:19,426 - INFO - Anomalies (before repair)
2026-05-23 11:05:19,432 - INFO - Repairing
2026-05-23 11:05:19,437 - INFO - Final anomaly check
2026-05-23 11:05:19,463 - INFO - 127.0.0.1 - - [23/May/2026 11:05:19] "GET /run-pipeline HTTP/1.1" 200 -
2026-05-23 11:05:34,287 - INFO - Loading data
2026-05-23 11:05:34,295 - INFO - Cleaning
2026-05-23 11:05:34,309 - INFO - Rules
2026-05-23 11:05:34,354 - INFO - Anomalies (before repair)
2026-05-23 11:05:34,361 - INFO - Repairing
2026-05-23 11:05:34,365 - INFO - Final anomaly check
2026-05-23 11:05:34,393 - INFO - 127.0.0.1 - - [23/May/2026 11:05:34] "GET /run-pipeline HTTP/1.1" 200 -
2026-05-23 11:56:57,810 - INFO -  * Detected change in 'D:\\Projects\\AI Data Quality Pipeline\\dashboard\\app.py', reloading
